<?xml version="1.0" encoding="UTF-8"?>
<testsuite xmlns:xsi="http://www.w3.org/2001/XMLSchema-instance" xsi:noNamespaceSchemaLocation="https://maven.apache.org/surefire/maven-surefire-plugin/xsd/surefire-test-report.xsd" name="EtudiantServiceTest" time="0.58" tests="2" errors="0" skipped="0" failures="0">
  <properties>
[...]
</properties>
  <testcase name="testRetrieveAllEtudiants" classname="EtudiantServiceTest" time="0.559"/>
  <testcase name="testAddEtudiant" classname="EtudiantServiceTest" time="0.006"/>
</testsuite>